<?xml version="1.0" encoding="UTF-8"?>
<testsuite xmlns:xsi="http://www.w3.org/2001/XMLSchema-instance" xsi:noNamespaceSchemaLocation="https://maven.apache.org/surefire/maven-surefire-plugin/xsd/surefire-test-report.xsd" name="com.mycompany.app.AppTest" time="0.078" tests="1" errors="0" skipped="0" failures="0">
  <properties>
    <property name="sun.desktop" value="windows"/>
    <property name="awt.toolkit" value="sun.awt.windows.WToolkit"/>
    <property name="file.encoding.pkg" value="sun.io"/>
    <property name="java.specification.version" value="1.8"/>
    <property name="sun.cpu.isalist" value="amd64"/>
    <property name="sun.jnu.encoding" value="Cp1252"/>
    <property name="java.class.path" value="C:\Users\Windows 10 Pro\Documents\semestre 2021 - I\Design of information systems\Proyecto\Source code\v2\ProyectoDSI\target\test-classes;C:\Users\Windows 10 Pro\Documents\semestre 2021 - I\Design of information systems\Proyecto\Source code\v2\ProyectoDSI\target\classes;C:\Users\Windows 10 Pro\.m2\repository\junit\junit\4.11\junit-4.11.jar;C:\Users\Windows 10 Pro\.m2\repository\org\hamcrest\hamcrest-core\1.3\hamcrest-core-1.3.jar;C:\Users\Windows 10 Pro\.m2\repository\org\netbeans\external\AbsoluteLayout\RELEASE124\AbsoluteLayout-RELEASE124.jar;C:\Users\Windows 10 Pro\.m2\repository\mysql\mysql-connector-java\8.0.26\mysql-connector-java-8.0.26.jar;C:\Users\Windows 10 Pro\.m2\repository\com\google\protobuf\protobuf-java\3.11.4\protobuf-java-3.11.4.jar;C:\Users\Windows 10 Pro\.m2\repository\com\itextpdf\itextpdf\5.5.13.2\itextpdf-5.5.13.2.jar;C:\Users\Windows 10 Pro\.m2\repository\org\swinglabs\swingx\swingx-autocomplete\1.6.5-1\swingx-autocomplete-1.6.5-1.jar;C:\Users\Windows 10 Pro\.m2\repository\org\swinglabs\swingx\swingx-common\1.6.5-1\swingx-common-1.6.5-1.jar;"/>
    <property name="java.vm.vendor" value="Oracle Corporation"/>
    <property name="sun.arch.data.model" value="64"/>
    <property name="user.variant" value=""/>
    <property name="java.vendor.url" value="http://java.oracle.com/"/>
    <property name="user.timezone" value="America/Bogota"/>
    <property name="java.vm.specification.version" value="1.8"/>
    <property name="os.name" value="Windows 10"/>
    <property name="sun.java.launcher" value="SUN_STANDARD"/>
    <property name="user.country" value="PE"/>
    <property name="sun.boot.library.path" value="C:\Program Files\Java\jdk1.8.0_301\jre\bin"/>
    <property name="sun.java.command" value="C:\Users\WINDOW~1\AppData\Local\Temp\surefire8908101606379432563\surefirebooter8849651268620151237.jar C:\Users\Windows 10 Pro\AppData\Local\Temp\surefire8908101606379432563 2021-09-06T01-47-14_384-jvmRun1 surefire2984128000847635659tmp surefire_01245552007517824192tmp"/>
    <property name="surefire.test.class.path" value="C:\Users\Windows 10 Pro\Documents\semestre 2021 - I\Design of information systems\Proyecto\Source code\v2\ProyectoDSI\target\test-classes;C:\Users\Windows 10 Pro\Documents\semestre 2021 - I\Design of information systems\Proyecto\Source code\v2\ProyectoDSI\target\classes;C:\Users\Windows 10 Pro\.m2\repository\junit\junit\4.11\junit-4.11.jar;C:\Users\Windows 10 Pro\.m2\repository\org\hamcrest\hamcrest-core\1.3\hamcrest-core-1.3.jar;C:\Users\Windows 10 Pro\.m2\repository\org\netbeans\external\AbsoluteLayout\RELEASE124\AbsoluteLayout-RELEASE124.jar;C:\Users\Windows 10 Pro\.m2\repository\mysql\mysql-connector-java\8.0.26\mysql-connector-java-8.0.26.jar;C:\Users\Windows 10 Pro\.m2\repository\com\google\protobuf\protobuf-java\3.11.4\protobuf-java-3.11.4.jar;C:\Users\Windows 10 Pro\.m2\repository\com\itextpdf\itextpdf\5.5.13.2\itextpdf-5.5.13.2.jar;C:\Users\Windows 10 Pro\.m2\repository\org\swinglabs\swingx\swingx-autocomplete\1.6.5-1\swingx-autocomplete-1.6.5-1.jar;C:\Users\Windows 10 Pro\.m2\repository\org\swinglabs\swingx\swingx-common\1.6.5-1\swingx-common-1.6.5-1.jar;"/>
    <property name="sun.cpu.endian" value="little"/>
    <property name="user.home" value="C:\Users\Windows 10 Pro"/>
    <property name="user.language" value="es"/>
    <property name="java.specification.vendor" value="Oracle Corporation"/>
    <property name="java.home" value="C:\Program Files\Java\jdk1.8.0_301\jre"/>
    <property name="basedir" value="C:\Users\Windows 10 Pro\Documents\semestre 2021 - I\Design of information systems\Proyecto\Source code\v2\ProyectoDSI"/>
    <property name="file.separator" value="\"/>
    <property name="line.separator" value="&#10;"/>
    <property name="java.vm.specification.vendor" value="Oracle Corporation"/>
    <property name="java.specification.name" value="Java Platform API Specification"/>
    <property name="java.awt.graphicsenv" value="sun.awt.Win32GraphicsEnvironment"/>
    <property name="surefire.real.class.path" value="C:\Users\WINDOW~1\AppData\Local\Temp\surefire8908101606379432563\surefirebooter8849651268620151237.jar"/>
    <property name="sun.boot.class.path" value="C:\Program Files\Java\jdk1.8.0_301\jre\lib\resources.jar;C:\Program Files\Java\jdk1.8.0_301\jre\lib\rt.jar;C:\Program Files\Java\jdk1.8.0_301\jre\lib\sunrsasign.jar;C:\Program Files\Java\jdk1.8.0_301\jre\lib\jsse.jar;C:\Program Files\Java\jdk1.8.0_301\jre\lib\jce.jar;C:\Program Files\Java\jdk1.8.0_301\jre\lib\charsets.jar;C:\Program Files\Java\jdk1.8.0_301\jre\lib\jfr.jar;C:\Program Files\Java\jdk1.8.0_301\jre\classes"/>
    <property name="user.script" value=""/>
    <property name="sun.management.compiler" value="HotSpot 64-Bit Tiered Compilers"/>
    <property name="java.runtime.version" value="1.8.0_301-b09"/>
    <property name="user.name" value="Windows 10 Pro"/>
    <property name="path.separator" value=";"/>
    <property name="os.version" value="10.0"/>
    <property name="java.endorsed.dirs" value="C:\Program Files\Java\jdk1.8.0_301\jre\lib\endorsed"/>
    <property name="java.runtime.name" value="Java(TM) SE Runtime Environment"/>
    <property name="file.encoding" value="UTF-8"/>
    <property name="java.vm.name" value="Java HotSpot(TM) 64-Bit Server VM"/>
    <property name="maven.ext.class.path" value="C:\Program Files\NetBeans-12.3\netbeans\java\maven-nblib\netbeans-eventspy.jar"/>
    <property name="localRepository" value="C:\Users\Windows 10 Pro\.m2\repository"/>
    <property name="java.vendor.url.bug" value="http://bugreport.sun.com/bugreport/"/>
    <property name="java.io.tmpdir" value="C:\Users\WINDOW~1\AppData\Local\Temp\"/>
    <property name="java.version" value="1.8.0_301"/>
    <property name="user.dir" value="C:\Users\Windows 10 Pro\Documents\semestre 2021 - I\Design of information systems\Proyecto\Source code\v2\ProyectoDSI"/>
    <property name="os.arch" value="amd64"/>
    <property name="java.vm.specification.name" value="Java Virtual Machine Specification"/>
    <property name="java.awt.printerjob" value="sun.awt.windows.WPrinterJob"/>
    <property name="sun.os.patch.level" value=""/>
    <property name="java.library.path" value="C:\Program Files\Java\jdk1.8.0_301\jre\bin;C:\Windows\Sun\Java\bin;C:\Windows\system32;C:\Windows;C:\app\product\18.0.0\dbhomeXE\bin;C:\Program Files (x86)\Common Files\Oracle\Java\javapath;C:\Windows\system32;C:\Windows;C:\Windows\System32\Wbem;C:\Windows\System32\WindowsPowerShell\v1.0\;C:\Windows\System32\OpenSSH\;C:\Program Files\nodejs\;C:\Program Files (x86)\Rational\common;E:\LINGO64_19\;C:\LINGO64_19\;C:\Program Files\Git\cmd;C:\Program Files\Git LFS;C:\Program Files\Java\jdk1.8.0_301;C:\Users\Windows 10 Pro\.cargo\bin;C:\OrCAD\OrCAD_16.6_Lite\OpenAccess\bin\win32\opt;C:\OrCAD\OrCAD_16.6_Lite\tools\pcb\bin;C:\OrCAD\OrCAD_16.6_Lite\tools\fet\bin;C:\OrCAD\OrCAD_16.6_Lite\tools\Capture;C:\OrCAD\OrCAD_16.6_Lite\tools\PSpice;C:\OrCAD\OrCAD_16.6_Lite\tools\specctra\bin;C:\OrCAD\OrCAD_16.6_Lite\tools\bin;C:\Users\Windows 10 Pro\AppData\Local\Programs\Python\Python39\Scripts\;C:\Users\Windows 10 Pro\AppData\Local\Programs\Python\Python39\;C:\Users\Windows 10 Pro\AppData\Local\Microsoft\WindowsApps;C:\Users\Windows 10 Pro\AppData\Roaming\npm;C:\Users\Windows 10 Pro\AppData\Local\Programs\Microsoft VS Code\bin;C:\Users\Windows 10 Pro\.cargo\bin;C:\Users\Windows 10 Pro\AppData\Local\Android\Sdk\tools\bin;C:\Program Files\Java\jdk1.8.0_301\bin;C:\Program Files\apache-maven-3.8.1\bin;C:\Program Files\Java\jre1.8.0_301\bin;;."/>
    <property name="java.vm.info" value="mixed mode"/>
    <property name="java.vendor" value="Oracle Corporation"/>
    <property name="java.vm.version" value="25.301-b09"/>
    <property name="java.ext.dirs" value="C:\Program Files\Java\jdk1.8.0_301\jre\lib\ext;C:\Windows\Sun\Java\lib\ext"/>
    <property name="sun.io.unicode.encoding" value="UnicodeLittle"/>
    <property name="java.class.version" value="52.0"/>
  </properties>
  <testcase name="shouldAnswerWithTrue" classname="com.mycompany.app.AppTest" time="0.015"/>
</testsuite>