<?xml version="1.0" encoding="UTF-8"?>
<testsuite xmlns:xsi="http://www.w3.org/2001/XMLSchema-instance" xsi:noNamespaceSchemaLocation="https://maven.apache.org/surefire/maven-surefire-plugin/xsd/surefire-test-report.xsd" name="com.mycompany.app.modelo.usuario.UsuarioGetNombreTest" time="0.054" tests="3" errors="0" skipped="0" failures="0">
  <properties>
    <property name="java.specification.version" value="16"/>
    <property name="sun.jnu.encoding" value="UTF-8"/>
    <property name="java.class.path" value="/home/esteban/maven_test/my-app/target/test-classes:/home/esteban/maven_test/my-app/target/classes:/home/esteban/.m2/repository/junit/junit/4.11/junit-4.11.jar:/home/esteban/.m2/repository/org/hamcrest/hamcrest-core/1.3/hamcrest-core-1.3.jar:/home/esteban/.m2/repository/org/netbeans/external/AbsoluteLayout/RELEASE124/AbsoluteLayout-RELEASE124.jar:/home/esteban/.m2/repository/mysql/mysql-connector-java/8.0.26/mysql-connector-java-8.0.26.jar:/home/esteban/.m2/repository/com/google/protobuf/protobuf-java/3.11.4/protobuf-java-3.11.4.jar:/home/esteban/.m2/repository/com/itextpdf/itextpdf/5.5.13.2/itextpdf-5.5.13.2.jar:/home/esteban/.m2/repository/org/swinglabs/swingx/swingx-autocomplete/1.6.5-1/swingx-autocomplete-1.6.5-1.jar:/home/esteban/.m2/repository/org/swinglabs/swingx/swingx-common/1.6.5-1/swingx-common-1.6.5-1.jar:"/>
    <property name="java.vm.vendor" value="Oracle Corporation"/>
    <property name="sun.arch.data.model" value="64"/>
    <property name="java.vendor.url" value="https://openjdk.java.net/"/>
    <property name="os.name" value="Linux"/>
    <property name="java.vm.specification.version" value="16"/>
    <property name="sun.java.launcher" value="SUN_STANDARD"/>
    <property name="user.country" value="PE"/>
    <property name="sun.boot.library.path" value="/usr/lib/jvm/java-16-openjdk/lib"/>
    <property name="sun.java.command" value="/home/esteban/maven_test/my-app/target/surefire/surefirebooter6764107524670906444.jar /home/esteban/maven_test/my-app/target/surefire 2021-09-05T06-30-22_771-jvmRun1 surefire17925179933782533222tmp surefire_015006670914129262781tmp"/>
    <property name="jdk.debug" value="release"/>
    <property name="surefire.test.class.path" value="/home/esteban/maven_test/my-app/target/test-classes:/home/esteban/maven_test/my-app/target/classes:/home/esteban/.m2/repository/junit/junit/4.11/junit-4.11.jar:/home/esteban/.m2/repository/org/hamcrest/hamcrest-core/1.3/hamcrest-core-1.3.jar:/home/esteban/.m2/repository/org/netbeans/external/AbsoluteLayout/RELEASE124/AbsoluteLayout-RELEASE124.jar:/home/esteban/.m2/repository/mysql/mysql-connector-java/8.0.26/mysql-connector-java-8.0.26.jar:/home/esteban/.m2/repository/com/google/protobuf/protobuf-java/3.11.4/protobuf-java-3.11.4.jar:/home/esteban/.m2/repository/com/itextpdf/itextpdf/5.5.13.2/itextpdf-5.5.13.2.jar:/home/esteban/.m2/repository/org/swinglabs/swingx/swingx-autocomplete/1.6.5-1/swingx-autocomplete-1.6.5-1.jar:/home/esteban/.m2/repository/org/swinglabs/swingx/swingx-common/1.6.5-1/swingx-common-1.6.5-1.jar:"/>
    <property name="sun.cpu.endian" value="little"/>
    <property name="user.home" value="/home/esteban"/>
    <property name="user.language" value="es"/>
    <property name="java.specification.vendor" value="Oracle Corporation"/>
    <property name="java.version.date" value="2021-07-20"/>
    <property name="java.home" value="/usr/lib/jvm/java-16-openjdk"/>
    <property name="file.separator" value="/"/>
    <property name="basedir" value="/home/esteban/maven_test/my-app"/>
    <property name="java.vm.compressedOopsMode" value="32-bit"/>
    <property name="line.separator" value="&#10;"/>
    <property name="java.vm.specification.vendor" value="Oracle Corporation"/>
    <property name="java.specification.name" value="Java Platform API Specification"/>
    <property name="surefire.real.class.path" value="/home/esteban/maven_test/my-app/target/surefire/surefirebooter6764107524670906444.jar"/>
    <property name="sun.management.compiler" value="HotSpot 64-Bit Tiered Compilers"/>
    <property name="java.runtime.version" value="16.0.2+7"/>
    <property name="user.name" value="esteban"/>
    <property name="path.separator" value=":"/>
    <property name="os.version" value="5.13.13-arch1-1"/>
    <property name="java.runtime.name" value="OpenJDK Runtime Environment"/>
    <property name="file.encoding" value="UTF-8"/>
    <property name="java.vm.name" value="OpenJDK 64-Bit Server VM"/>
    <property name="maven.ext.class.path" value="/usr/lib/netbeans/java/maven-nblib/netbeans-eventspy.jar"/>
    <property name="localRepository" value="/home/esteban/.m2/repository"/>
    <property name="java.vendor.url.bug" value="https://bugreport.java.com/bugreport/"/>
    <property name="java.io.tmpdir" value="/tmp"/>
    <property name="java.version" value="16.0.2"/>
    <property name="user.dir" value="/home/esteban/maven_test/my-app"/>
    <property name="os.arch" value="amd64"/>
    <property name="java.vm.specification.name" value="Java Virtual Machine Specification"/>
    <property name="java.library.path" value="/usr/java/packages/lib:/usr/lib64:/lib64:/lib:/usr/lib"/>
    <property name="java.vm.info" value="mixed mode"/>
    <property name="java.vendor" value="N/A"/>
    <property name="java.vm.version" value="16.0.2+7"/>
    <property name="sun.io.unicode.encoding" value="UnicodeLittle"/>
    <property name="java.class.version" value="60.0"/>
  </properties>
  <testcase name="testGetNombreUsuarioCadenasVacias" classname="com.mycompany.app.modelo.usuario.UsuarioGetNombreTest" time="0.003"/>
  <testcase name="testGetNombreUsuarioNulls" classname="com.mycompany.app.modelo.usuario.UsuarioGetNombreTest" time="0.001"/>
  <testcase name="testGetNombreUsuarioCadenasLleas" classname="com.mycompany.app.modelo.usuario.UsuarioGetNombreTest" time="0.001"/>
</testsuite>